<?xml version="1.0" encoding="UTF-8"?>
<!-- Generated by org.testng.reporters.JUnitXMLReporter -->
<testsuite ignored="0" hostname="DESKTOP-5VBKCKK" failures="3" tests="20" name="Test" time="49.533" errors="0" timestamp="2024-11-16T19:36:22 IST">
  <testcase classname="com.mk.testcases.herokuapptestcases" name="addRemoveElements" time="4.159">
    <failure type="java.lang.AssertionError" message="Remaining delete elements count is incorrect. expected [3] but found [2]">
      <![CDATA[java.lang.AssertionError: Remaining delete elements count is incorrect. expected [3] but found [2]
at com.mk.testcases.herokuapptestcases.addRemoveElements(herokuapptestcases.java:74)
at java.base/java.util.ArrayList.forEach(ArrayList.java:1596)
... Removed 31 stack frames]]>
    </failure>
  </testcase> <!-- addRemoveElements -->
  <testcase classname="com.mk.testcases.herokuapptestcases" name="validateBrokenImages" time="4.93"/>
  <testcase classname="com.mk.testcases.herokuapptestcases" name="checkFirstRowData" time="3.763"/>
  <testcase classname="com.mk.testcases.herokuapptestcases" name="validateCheckboxes" time="2.545"/>
  <testcase classname="com.mk.testcases.herokuapptestcases" name="validateDragAndDrop" time="1.267"/>
  <testcase classname="com.mk.testcases.herokuapptestcases" name="validateDropdown" time="1.134"/>
  <testcase classname="com.mk.testcases.herokuapptestcases" name="testCheckboxRemoveAndAdd" time="7.273"/>
  <testcase classname="com.mk.testcases.herokuapptestcases" name="validateContextMenuAlert" time="1.29"/>
  <testcase classname="com.mk.testcases.herokuapptestcases" name="validateFileUpload" time="1.906"/>
  <testcase classname="com.mk.testcases.herokuapptestcases" name="validateTinyMceEditor" time="2.762"/>
  <testcase classname="com.mk.testcases.herokuapptestcases" name="verifyTextInFrames" time="2.233"/>
  <testcase classname="com.mk.testcases.herokuapptestcases" name="validateJSAlert" time="0.997"/>
  <testcase classname="com.mk.testcases.herokuapptestcases" name="validateJSConfirm" time="1.684"/>
  <testcase classname="com.mk.testcases.herokuapptestcases" name="validateJSPrompt" time="0.922">
    <failure type="org.openqa.selenium.UnhandledAlertException" message="unexpected alert open: {Alert text : I am a JS prompt}
  (Session info: chrome=130.0.6723.117): I am a JS prompt
Build info: version: &amp;apos;4.25.0&amp;apos;, revision: &amp;apos;8a8aea2337&amp;apos;
System info: os.name: &amp;apos;Windows 11&amp;apos;, os.arch: &amp;apos;amd64&amp;apos;, os.version: &amp;apos;10.0&amp;apos;, java.version: &amp;apos;21.0.4&amp;apos;
Driver info: org.openqa.selenium.chrome.ChromeDriver
Command: [be608c8efaa55a30c94bd4ad549b22f8, screenshot {}]
Capabilities {acceptInsecureCerts: false, browserName: chrome, browserVersion: 130.0.6723.117, chrome: {chromedriverVersion: 130.0.6723.116 (6ac35f94ae3..., userDataDir: C:\Users\MEGHAK~1\AppData\L...}, fedcm:accounts: true, goog:chromeOptions: {debuggerAddress: localhost:56531}, networkConnectionEnabled: false, pageLoadStrategy: normal, platformName: windows, proxy: Proxy(), se:cdp: ws://localhost:56531/devtoo..., se:cdpVersion: 130.0.6723.117, setWindowRect: true, strictFileInteractability: false, timeouts: {implicit: 0, pageLoad: 300000, script: 30000}, unhandledPromptBehavior: dismiss and notify, webauthn:extension:credBlob: true, webauthn:extension:largeBlob: true, webauthn:extension:minPinLength: true, webauthn:extension:prf: true, webauthn:virtualAuthenticators: true}
Session ID: be608c8efaa55a30c94bd4ad549b22f8">
      <![CDATA[org.openqa.selenium.UnhandledAlertException: unexpected alert open: {Alert text : I am a JS prompt}
  (Session info: chrome=130.0.6723.117): I am a JS prompt
Build info: version: '4.25.0', revision: '8a8aea2337'
System info: os.name: 'Windows 11', os.arch: 'amd64', os.version: '10.0', java.version: '21.0.4'
Driver info: org.openqa.selenium.chrome.ChromeDriver
Command: [be608c8efaa55a30c94bd4ad549b22f8, screenshot {}]
Capabilities {acceptInsecureCerts: false, browserName: chrome, browserVersion: 130.0.6723.117, chrome: {chromedriverVersion: 130.0.6723.116 (6ac35f94ae3..., userDataDir: C:\Users\MEGHAK~1\AppData\L...}, fedcm:accounts: true, goog:chromeOptions: {debuggerAddress: localhost:56531}, networkConnectionEnabled: false, pageLoadStrategy: normal, platformName: windows, proxy: Proxy(), se:cdp: ws://localhost:56531/devtoo..., se:cdpVersion: 130.0.6723.117, setWindowRect: true, strictFileInteractability: false, timeouts: {implicit: 0, pageLoad: 300000, script: 30000}, unhandledPromptBehavior: dismiss and notify, webauthn:extension:credBlob: true, webauthn:extension:largeBlob: true, webauthn:extension:minPinLength: true, webauthn:extension:prf: true, webauthn:virtualAuthenticators: true}
Session ID: be608c8efaa55a30c94bd4ad549b22f8
at org.openqa.selenium.remote.codec.w3c.W3CHttpResponseCodec.decode(W3CHttpResponseCodec.java:136)
at org.openqa.selenium.remote.codec.w3c.W3CHttpResponseCodec.decode(W3CHttpResponseCodec.java:50)
at org.openqa.selenium.remote.HttpCommandExecutor.execute(HttpCommandExecutor.java:190)
at org.openqa.selenium.remote.service.DriverCommandExecutor.invokeExecute(DriverCommandExecutor.java:216)
at org.openqa.selenium.remote.service.DriverCommandExecutor.execute(DriverCommandExecutor.java:174)
at org.openqa.selenium.remote.RemoteWebDriver.execute(RemoteWebDriver.java:545)
at org.openqa.selenium.remote.RemoteWebDriver.execute(RemoteWebDriver.java:618)
at org.openqa.selenium.remote.RemoteWebDriver.execute(RemoteWebDriver.java:622)
at org.openqa.selenium.remote.RemoteWebDriver.getScreenshotAs(RemoteWebDriver.java:334)
at com.mk.utils.ExtentUtil.getBase64Screenshot(ExtentUtil.java:78)
at com.mk.utils.ExtentUtil.logInfo(ExtentUtil.java:64)
at com.mk.pages.HerokuappPage.clickJSPromptButton(HerokuappPage.java:644)
at com.mk.testcases.herokuapptestcases.validateJSPrompt(herokuapptestcases.java:563)
at java.base/java.util.ArrayList.forEach(ArrayList.java:1596)
... Removed 25 stack frames]]>
    </failure>
  </testcase> <!-- validateJSPrompt -->
  <testcase classname="com.mk.testcases.herokuapptestcases" name="testNewWindowText" time="1.192"/>
  <testcase classname="com.mk.testcases.herokuapptestcases" name="testShadowDom" time="0.704"/>
  <testcase classname="com.mk.testcases.herokuapptestcases" name="testTableHeaders" time="1.334"/>
  <testcase classname="com.mk.testcases.herokuapptestcases" name="validateLastNameSorting" time="1.116"/>
  <testcase classname="com.mk.testcases.herokuapptestcases" name="validateEmailColumnFormat" time="0.884"/>
  <testcase classname="com.mk.testcases.herokuapptestcases" name="getextfromShadowDOM" time="0.667">
    <failure type="java.lang.AssertionError" message="Shadow DOM text mismatch. Expected: Let&amp;apos;s have some different text, Found: Let&amp;apos;s have some different text!">
      <![CDATA[java.lang.AssertionError: Shadow DOM text mismatch. Expected: Let's have some different text, Found: Let's have some different text!
at com.mk.testcases.herokuapptestcases.getextfromShadowDOM(herokuapptestcases.java:789)
at java.base/java.util.ArrayList.forEach(ArrayList.java:1596)
... Removed 26 stack frames]]>
    </failure>
  </testcase> <!-- getextfromShadowDOM -->
</testsuite> <!-- Test -->
